<?xml version="1.0" encoding="UTF-8"?>
<!-- Generated by org.testng.reporters.JUnitXMLReporter -->
<testsuite hostname="Ashutoshs-MacBook-Air.local" ignored="0" name="Default test" tests="4" failures="0" timestamp="28 Jul 2021 04:35:06 GMT" time="93.776" errors="0">
  <testcase name="verifyLaunchURL" time="7.965" classname="com.hcl.cogmento.prod.testScript.login.LoginPageTest"/>
  <testcase name="loginIntoApplicationWithValidCredentials" time="29.169" classname="com.hcl.cogmento.prod.testScript.login.LoginPageTest"/>
  <testcase name="loginWithApplicationWithInvalidCredentials" time="13.681" classname="com.hcl.cogmento.prod.testScript.login.LoginPageTest"/>
  <testcase name="loginInApplicationWithEmptyFields" time="41.791" classname="com.hcl.cogmento.prod.testScript.login.LoginPageTest"/>
</testsuite> <!-- Default test -->
