<?xml version="1.0" encoding="UTF-8"?>
<!-- Generated by org.testng.reporters.JUnitXMLReporter -->
<testsuite hostname="Ashutoshs-MacBook-Air.local" ignored="0" name="Default test" tests="2" failures="0" timestamp="27 Jul 2021 04:14:52 GMT" time="37.737" errors="0">
  <testcase name="verifyLaunchURL" time="9.086" classname="com.hcl.cogmento.prod.testScript.login.LoginPageTest"/>
  <testcase name="loginIntoApplicationWithValidCredentials" time="26.575" classname="com.hcl.cogmento.prod.testScript.login.LoginPageTest"/>
</testsuite> <!-- Default test -->
